<?xml version="1.0" encoding="UTF-8"?>
<!-- Generated by org.testng.reporters.JUnitXMLReporter -->
<testsuite hostname="CSCINDAE752825" ignored="0" name="Test3" tests="2" failures="1" timestamp="17 Jul 2017 13:50:33 GMT" time="6.651" errors="0">
  <testcase name="@AfterMethod clearCookies" time="0.0" classname="projectFactory.DriverFactory">
    <failure type="java.lang.NullPointerException" message="null value in entry: desiredCapabilities=null">
      <![CDATA[java.lang.NullPointerException: null value in entry: desiredCapabilities=null
	at com.google.common.collect.CollectPreconditions.checkEntryNotNull(CollectPreconditions.java:34)
	at com.google.common.collect.ImmutableMapEntry.<init>(ImmutableMapEntry.java:49)
	at com.google.common.collect.ImmutableMap.entryOf(ImmutableMap.java:172)
	at com.google.common.collect.ImmutableMap$Builder.put(ImmutableMap.java:248)
	at org.openqa.selenium.remote.RemoteWebDriver.startSession(RemoteWebDriver.java:244)
	at org.openqa.selenium.remote.RemoteWebDriver.startSession(RemoteWebDriver.java:236)
	at org.openqa.selenium.remote.RemoteWebDriver.<init>(RemoteWebDriver.java:137)
	at org.openqa.selenium.remote.RemoteWebDriver.<init>(RemoteWebDriver.java:174)
	at projectFactory.WebDriverThread.instantiateWebDriver(WebDriverThread.java:91)
	at projectFactory.WebDriverThread.getDriver(WebDriverThread.java:46)
	at projectFactory.DriverFactory.getDriver(DriverFactory.java:66)
	at projectFactory.DriverFactory.clearCookies(DriverFactory.java:78)
... Removed 27 stack frames]]>
    </failure>
  </testcase> <!-- @AfterMethod clearCookies -->
  <testcase name="@AfterMethod clearCookies" time="0.0" classname="projectFactory.DriverFactory">
    <skipped/>
  </testcase> <!-- @AfterMethod clearCookies -->
  <testcase name="Anothersearch" time="1.919" classname="tests.TC3_Google_Searchname">
    <failure type="java.lang.NullPointerException" message="null value in entry: desiredCapabilities=null">
      <![CDATA[java.lang.NullPointerException: null value in entry: desiredCapabilities=null
	at com.google.common.collect.CollectPreconditions.checkEntryNotNull(CollectPreconditions.java:34)
	at com.google.common.collect.ImmutableMapEntry.<init>(ImmutableMapEntry.java:49)
	at com.google.common.collect.ImmutableMap.entryOf(ImmutableMap.java:172)
	at com.google.common.collect.ImmutableMap$Builder.put(ImmutableMap.java:248)
	at org.openqa.selenium.remote.RemoteWebDriver.startSession(RemoteWebDriver.java:244)
	at org.openqa.selenium.remote.RemoteWebDriver.startSession(RemoteWebDriver.java:236)
	at org.openqa.selenium.remote.RemoteWebDriver.<init>(RemoteWebDriver.java:137)
	at org.openqa.selenium.remote.RemoteWebDriver.<init>(RemoteWebDriver.java:174)
	at projectFactory.WebDriverThread.instantiateWebDriver(WebDriverThread.java:91)
	at projectFactory.WebDriverThread.getDriver(WebDriverThread.java:46)
	at projectFactory.DriverFactory.getDriver(DriverFactory.java:66)
	at tests.TC3_Google_Searchname.Anothersearch(TC3_Google_Searchname.java:37)
... Removed 25 stack frames]]>
    </failure>
  </testcase> <!-- Anothersearch -->
  <testcase name="namesearch" time="0.001" classname="tests.TC3_Google_Searchname">
    <skipped/>
  </testcase> <!-- namesearch -->
</testsuite> <!-- Test3 -->
